c:\users\jalbm\desktop\componentframework22.0.4\componentframework\debug\vc142.pdb
c:\users\jalbm\desktop\componentframework22.0.4\componentframework\debug\vc142.idb
c:\users\jalbm\desktop\componentframework22.0.4\componentframework\debug\world.obj
c:\users\jalbm\desktop\componentframework22.0.4\componentframework\debug\window.obj
c:\users\jalbm\desktop\componentframework22.0.4\componentframework\debug\vmath.obj
c:\users\jalbm\desktop\componentframework22.0.4\componentframework\debug\timer.obj
c:\users\jalbm\desktop\componentframework22.0.4\componentframework\debug\texture.obj
c:\users\jalbm\desktop\componentframework22.0.4\componentframework\debug\spaceship.obj
c:\users\jalbm\desktop\componentframework22.0.4\componentframework\debug\shader.obj
c:\users\jalbm\desktop\componentframework22.0.4\componentframework\debug\scene0.obj
c:\users\jalbm\desktop\componentframework22.0.4\componentframework\debug\mmath.obj
c:\users\jalbm\desktop\componentframework22.0.4\componentframework\debug\main.obj
c:\users\jalbm\desktop\componentframework22.0.4\componentframework\debug\scenemanager.obj
c:\users\jalbm\desktop\componentframework22.0.4\componentframework\debug\scene1.obj
c:\users\jalbm\desktop\componentframework22.0.4\componentframework\debug\physics.obj
c:\users\jalbm\desktop\componentframework22.0.4\componentframework\debug\mesh.obj
c:\users\jalbm\desktop\componentframework22.0.4\componentframework\debug\debug.obj
c:\users\jalbm\desktop\componentframework22.0.4\componentframework\debug\camera.obj
c:\users\jalbm\desktop\componentframework22.0.4\componentframework\debug\body.obj
c:\users\jalbm\desktop\componentframework22.0.4\componentframework\debug\actor.obj
c:\users\jalbm\desktop\componentframework22.0.4\componentframework\debug\scene2.obj
c:\users\jalbm\desktop\componentframework22.0.4\debug\componentframework.exe
c:\users\jalbm\desktop\componentframework22.0.4\componentframework\debug\componentframework.ilk
c:\users\jalbm\desktop\componentframework22.0.4\debug\componentframework.pdb
c:\users\jalbm\desktop\componentframework22.0.4\componentframework\debug\componen.614c2865.tlog\cl.command.1.tlog
c:\users\jalbm\desktop\componentframework22.0.4\componentframework\debug\componen.614c2865.tlog\cl.read.1.tlog
c:\users\jalbm\desktop\componentframework22.0.4\componentframework\debug\componen.614c2865.tlog\cl.write.1.tlog
c:\users\jalbm\desktop\componentframework22.0.4\componentframework\debug\componen.614c2865.tlog\link.command.1.tlog
c:\users\jalbm\desktop\componentframework22.0.4\componentframework\debug\componen.614c2865.tlog\link.read.1.tlog
c:\users\jalbm\desktop\componentframework22.0.4\componentframework\debug\componen.614c2865.tlog\link.write.1.tlog
